SF:lib/core/util/result.dart
DA:6,0
DA:7,0
DA:8,7
DA:10,0
DA:12,0
DA:16,36
LF:6
LH:2
end_of_record
SF:lib/features/todo/domain/entities/todo.g.dart
DA:10,0
DA:12,0
DA:13,0
DA:14,0
DA:16,0
DA:17,0
DA:18,0
DA:19,0
DA:23,0
DA:26,0
DA:27,0
DA:28,0
DA:29,0
DA:30,0
DA:31,0
DA:32,0
DA:35,0
LF:17
LH:0
end_of_record
SF:lib/features/todo/domain/entities/todo.dart
DA:16,8
DA:18,0
DA:19,0
LF:3
LH:1
end_of_record
SF:lib/features/todo/domain/usecases/remove_todo_usecase.dart
DA:8,1
DA:10,1
DA:11,3
LF:3
LH:3
end_of_record
SF:lib/features/todo/data/models/TodoModel.dart
DA:5,4
DA:7,4
DA:9,0
DA:10,0
DA:11,0
DA:14,1
DA:15,4
LF:7
LH:4
end_of_record
SF:lib/features/todo/domain/usecases/get_all_todos_usecase.dart
DA:7,1
DA:9,1
DA:10,3
LF:3
LH:3
end_of_record
SF:lib/features/todo/domain/usecases/insert_todo_usecase.dart
DA:8,1
DA:10,1
DA:11,3
LF:3
LH:3
end_of_record
SF:lib/features/todo/domain/usecases/get_todo_by_id_usecase.dart
DA:7,1
DA:9,1
DA:10,3
LF:3
LH:3
end_of_record
SF:lib/features/todo/presentation/change_notifiers/todo_change_notifier.dart
DA:14,2
DA:21,2
DA:23,1
DA:24,3
DA:25,2
DA:26,3
DA:27,1
DA:30,1
DA:31,3
LF:9
LH:9
end_of_record
SF:lib/features/todo/presentation/components/todo_widget.dart
DA:7,0
DA:9,0
DA:11,0
DA:12,0
DA:13,0
DA:15,0
DA:16,0
DA:17,0
DA:20,0
DA:22,0
DA:23,0
DA:24,0
DA:26,0
DA:27,0
DA:28,0
DA:30,0
DA:31,0
DA:32,0
DA:33,0
DA:35,0
DA:36,0
DA:41,0
LF:22
LH:0
end_of_record
SF:lib/features/todo/presentation/screens/todo_screen.dart
DA:6,0
DA:8,0
DA:9,0
DA:13,0
DA:15,0
DA:16,0
DA:17,0
DA:19,0
DA:20,0
DA:21,0
DA:22,0
DA:24,0
DA:25,0
DA:26,0
DA:27,0
DA:29,0
DA:30,0
DA:31,0
DA:33,0
DA:37,0
DA:42,0
DA:43,0
DA:45,0
DA:46,0
DA:47,0
DA:49,0
DA:53,0
DA:54,0
DA:55,0
LF:29
LH:0
end_of_record
SF:lib/features/todo/presentation/screens/insert_todo_screen.dart
DA:13,2
DA:15,1
DA:16,1
DA:23,1
DA:25,2
DA:26,2
DA:27,1
DA:30,1
DA:32,2
DA:33,1
DA:34,1
DA:35,1
DA:36,1
DA:37,1
DA:38,1
DA:39,1
DA:40,0
DA:41,0
DA:42,0
DA:46,1
DA:47,1
DA:48,1
DA:49,1
DA:51,1
DA:52,1
DA:55,1
DA:58,1
DA:59,1
DA:60,1
DA:61,1
DA:63,1
DA:67,1
DA:70,1
DA:71,1
DA:72,1
DA:73,1
DA:75,1
DA:79,1
DA:80,1
DA:81,1
DA:82,0
DA:83,0
DA:84,0
DA:85,0
DA:86,0
DA:87,0
DA:89,1
DA:92,1
DA:93,1
DA:95,1
LF:50
LH:41
end_of_record
SF:lib/features/todo/presentation/screens/todos_screen.dart
DA:7,0
DA:9,0
DA:10,0
DA:14,0
DA:16,0
DA:19,0
DA:21,0
DA:22,0
DA:25,0
DA:27,0
DA:28,0
DA:30,0
DA:31,0
DA:32,0
DA:34,0
DA:35,0
DA:36,0
DA:37,0
DA:39,0
DA:40,0
DA:41,0
DA:42,0
DA:43,0
DA:46,0
DA:47,0
DA:48,0
DA:49,0
DA:50,0
DA:51,0
LF:29
LH:0
end_of_record
SF:lib/features/todo/data/data_sources/local/local_data_source.dart
DA:16,1
DA:19,1
DA:20,3
DA:22,2
DA:23,1
DA:27,1
DA:28,3
DA:29,2
DA:30,2
DA:34,1
DA:35,3
DA:37,3
DA:38,1
DA:42,0
DA:43,0
DA:45,0
DA:47,0
LF:17
LH:13
end_of_record
SF:lib/features/todo/data/repositories/default_todo_repository.dart
DA:9,1
DA:10,1
DA:12,2
DA:15,1
DA:17,2
DA:20,1
DA:22,2
DA:25,1
DA:27,2
LF:9
LH:9
end_of_record
